0 verbose cli /usr/local/bin/node /usr/local/bin/npm
1 info using npm@8.19.4
2 info using node@v16.20.2
3 timing npm:load:whichnode Completed in 0ms
4 timing config:load:defaults Completed in 3ms
5 timing config:load:file:/usr/local/lib/node_modules/npm/npmrc Completed in 2ms
6 timing config:load:builtin Completed in 3ms
7 timing config:load:cli Completed in 6ms
8 timing config:load:env Completed in 1ms
9 timing config:load:file:/data/.npmrc Completed in 1ms
10 timing config:load:project Completed in 3ms
11 timing config:load:file:/usr/src/node-red/.npmrc Completed in 7ms
12 timing config:load:user Completed in 8ms
13 timing config:load:file:/usr/local/etc/npmrc Completed in 3ms
14 timing config:load:global Completed in 3ms
15 timing config:load:validate Completed in 0ms
16 timing config:load:credentials Completed in 2ms
17 timing config:load:setEnvs Completed in 1ms
18 timing config:load Completed in 30ms
19 timing npm:load:configload Completed in 30ms
20 timing npm:load:mkdirpcache Completed in 3ms
21 timing npm:load:mkdirplogs Completed in 2ms
22 verbose title npm remove node-red-contrib-machine-learning-v2
23 verbose argv "remove" "--no-audit" "--no-update-notifier" "--no-fund" "--save" "node-red-contrib-machine-learning-v2"
24 timing npm:load:setTitle Completed in 2ms
25 timing config:load:flatten Completed in 6ms
26 timing npm:load:display Completed in 7ms
27 verbose logfile logs-max:10 dir:/data/.npm/_logs
28 verbose logfile /data/.npm/_logs/2023-12-05T17_43_39_721Z-debug-0.log
29 timing npm:load:logFile Completed in 19ms
30 timing npm:load:timers Completed in 0ms
31 timing npm:load:configScope Completed in 1ms
32 timing npm:load Completed in 67ms
33 timing arborist:ctor Completed in 2ms
34 silly logfile start cleaning logs, removing 92 files
35 timing idealTree:init Completed in 145ms
36 timing idealTree:userRequests Completed in 1ms
37 silly idealTree buildDeps
38 timing idealTree:#root Completed in 1ms
39 timing idealTree:buildDeps Completed in 4ms
40 timing idealTree:fixDepFlags Completed in 5ms
41 timing idealTree Completed in 164ms
42 timing arborist:ctor Completed in 0ms
43 timing reify:loadTrees Completed in 231ms
44 timing reify:diffTrees Completed in 10ms
45 silly reify mark retired [ '/data/node_modules/child_process' ]
46 silly reify mark retired [ '/data/node_modules/node-red-contrib-machine-learning-v2' ]
47 silly reify mark retired [ '/data/node_modules/path' ]
48 silly reify mark retired [ '/data/node_modules/process' ]
49 silly reify mark retired [ '/data/node_modules/util' ]
50 silly reify moves {
50 silly reify   '/data/node_modules/child_process': '/data/node_modules/.child_process-DOegbtIV',
50 silly reify   '/data/node_modules/node-red-contrib-machine-learning-v2': '/data/node_modules/.node-red-contrib-machine-learning-v2-WL4AzSZF',
50 silly reify   '/data/node_modules/path': '/data/node_modules/.path-LlJ2dKMQ',
50 silly reify   '/data/node_modules/process': '/data/node_modules/.process-Rovb6s7k',
50 silly reify   '/data/node_modules/util': '/data/node_modules/.util-J4uQHpu4'
50 silly reify }
51 timing reify:retireShallow Completed in 19ms
52 timing reify:createSparse Completed in 0ms
53 timing reify:loadBundles Completed in 0ms
54 timing reify:unpack Completed in 1ms
55 timing reify:unretire Completed in 1ms
56 timing build:queue Completed in 0ms
57 timing build:deps Completed in 1ms
58 timing build Completed in 2ms
59 timing reify:build Completed in 3ms
60 timing reify:trash Completed in 49ms
61 timing reify:save Completed in 48ms
62 timing reify Completed in 406ms
63 silly REMOVE node_modules/util
64 silly REMOVE node_modules/util/node_modules/inherits
65 silly REMOVE node_modules/process
66 silly REMOVE node_modules/path
67 silly REMOVE node_modules/node-red-contrib-machine-learning-v2
68 silly REMOVE node_modules/child_process
69 timing command:remove Completed in 420ms
70 verbose exit 0
71 timing npm Completed in 742ms
72 info ok
