1699450803: mosquitto version 2.0.18 starting
1699450803: Config loaded from /mosquitto/config/mosquitto.conf.
1699450803: Opening ipv4 listen socket on port 1883.
1699450803: mosquitto version 2.0.18 running
1699450824: mosquitto version 2.0.18 terminating
1699450824: Saving in-memory database to /mosquitto/data//mosquitto.db.
1699450835: mosquitto version 2.0.18 starting
1699450835: Config loaded from /mosquitto/config/mosquitto.conf.
1699450835: Opening ipv4 listen socket on port 1883.
1699450835: mosquitto version 2.0.18 running
1699451022: mosquitto version 2.0.18 terminating
1699451022: Saving in-memory database to /mosquitto/data//mosquitto.db.
1699451027: mosquitto version 2.0.18 starting
1699451027: Config loaded from /mosquitto/config/mosquitto.conf.
1699451027: Opening ipv4 listen socket on port 1883.
1699451027: mosquitto version 2.0.18 running
1699451034: mosquitto version 2.0.18 terminating
1699451034: Saving in-memory database to /mosquitto/data//mosquitto.db.
1699451043: mosquitto version 2.0.18 starting
1699451043: Config loaded from /mosquitto/config/mosquitto.conf.
1699451043: Opening ipv4 listen socket on port 1883.
1699451043: mosquitto version 2.0.18 running
1699451078: mosquitto version 2.0.18 terminating
1699451078: Saving in-memory database to /mosquitto/data//mosquitto.db.
1699451081: mosquitto version 2.0.18 starting
1699451081: Config loaded from /mosquitto/config/mosquitto.conf.
1699451081: Opening ipv4 listen socket on port 1883.
1699451081: mosquitto version 2.0.18 running
1699451088: mosquitto version 2.0.18 terminating
1699451088: Saving in-memory database to /mosquitto/data//mosquitto.db.
1699451095: mosquitto version 2.0.18 starting
1699451095: Config loaded from /mosquitto/config/mosquitto.conf.
1699451095: Opening ipv4 listen socket on port 1883.
1699451095: mosquitto version 2.0.18 running
1699451104: mosquitto version 2.0.18 terminating
1699451104: Saving in-memory database to /mosquitto/data//mosquitto.db.
1699451108: mosquitto version 2.0.18 starting
1699451108: Config loaded from /mosquitto/config/mosquitto.conf.
1699451108: Opening ipv4 listen socket on port 1883.
1699451108: mosquitto version 2.0.18 running
1699451870: mosquitto version 2.0.18 terminating
1699451870: Saving in-memory database to /mosquitto/data//mosquitto.db.
1699452339: mosquitto version 2.0.18 starting
1699452339: Config loaded from /mosquitto/config/mosquitto.conf.
1699452339: Opening ipv4 listen socket on port 1883.
1699452339: mosquitto version 2.0.18 running
1699452347: mosquitto version 2.0.18 terminating
1699452347: Saving in-memory database to /mosquitto/data//mosquitto.db.
1699452376: mosquitto version 2.0.18 starting
1699452376: Config loaded from /mosquitto/config/mosquitto.conf.
1699452376: Opening ipv4 listen socket on port 1883.
1699452376: mosquitto version 2.0.18 running
1699452387: mosquitto version 2.0.18 terminating
1699452387: Saving in-memory database to /mosquitto/data//mosquitto.db.
1699452390: mosquitto version 2.0.18 starting
1699452390: Config loaded from /mosquitto/config/mosquitto.conf.
1699452390: Opening ipv4 listen socket on port 1883.
1699452390: mosquitto version 2.0.18 running
1699452393: New connection from 172.100.10.15:33312 on port 1883.
1699452393: New client connected from 172.100.10.15:33312 as nodered_01eea45dcb7915d8 (p2, c1, k60).
1699452415: Client nodered_01eea45dcb7915d8 disconnected.
1699452415: mosquitto version 2.0.18 terminating
1699452415: Saving in-memory database to /mosquitto/data//mosquitto.db.
